File Name      : ../testcases/input_1.png
Channel        : 3
BLK_SIZE       : 16
total runtime  : Execution time: 0 s 176 ms
Copy to GPU    : Execution time: 0 s 103 ms
Kernel runtime : Execution time: 65501 ns
Copy to CPU    : Execution time: 0 s 73 ms

File Name      : ../testcases/input_1.png
Channel        : 3
BLK_SIZE       : 32
total runtime  : Execution time: 0 s 144 ms
Copy to GPU    : Execution time: 0 s 106 ms
Kernel runtime : Execution time: 71171 ns
Copy to CPU    : Execution time: 0 s 37 ms

File Name      : ../testcases/input_1.png
Channel        : 3
BLK_SIZE       : 48
total runtime  : Execution time: 0 s 144 ms
Copy to GPU    : Execution time: 0 s 94 ms
Kernel runtime : Execution time: 61831 ns
Copy to CPU    : Execution time: 0 s 49 ms

File Name      : ../testcases/input_1.png
Channel        : 3
BLK_SIZE       : 64
total runtime  : Execution time: 0 s 127 ms
Copy to GPU    : Execution time: 0 s 89 ms
Kernel runtime : Execution time: 62590 ns
Copy to CPU    : Execution time: 0 s 37 ms

