File Name      : ../testcases/input_2.png
Channel        : 3
BLK_SIZE       : 16
total runtime  : Execution time: 0 s 378 ms
Copy to GPU    : Execution time: 0 s 288 ms
Kernel runtime : Execution time: 293425 ns
Copy to CPU    : Execution time: 0 s 90 ms

File Name      : ../testcases/input_2.png
Channel        : 3
BLK_SIZE       : 32
total runtime  : Execution time: 0 s 367 ms
Copy to GPU    : Execution time: 0 s 289 ms
Kernel runtime : Execution time: 322804 ns
Copy to CPU    : Execution time: 0 s 77 ms

File Name      : ../testcases/input_2.png
Channel        : 3
BLK_SIZE       : 48
total runtime  : Execution time: 0 s 418 ms
Copy to GPU    : Execution time: 0 s 321 ms
Kernel runtime : Execution time: 280030 ns
Copy to CPU    : Execution time: 0 s 96 ms

File Name      : ../testcases/input_2.png
Channel        : 3
BLK_SIZE       : 64
total runtime  : Execution time: 0 s 383 ms
Copy to GPU    : Execution time: 0 s 287 ms
Kernel runtime : Execution time: 305832 ns
Copy to CPU    : Execution time: 0 s 96 ms

