File Name      : ../testcases/input_2.png
Channel        : 3
BLK_SIZE       : 16
total runtime  : Execution time: 0 s 453 ms
Copy to GPU    : Execution time: 0 s 90 ms
Kernel runtime : Execution time: 90621 ns
Copy to CPU    : Execution time: 0 s 362 ms

File Name      : ../testcases/input_2.png
Channel        : 3
BLK_SIZE       : 32
total runtime  : Execution time: 0 s 275 ms
Copy to GPU    : Execution time: 0 s 90 ms
Kernel runtime : Execution time: 79661 ns
Copy to CPU    : Execution time: 0 s 185 ms

File Name      : ../testcases/input_2.png
Channel        : 3
BLK_SIZE       : 48
total runtime  : Execution time: 0 s 338 ms
Copy to GPU    : Execution time: 0 s 94 ms
Kernel runtime : Execution time: 82341 ns
Copy to CPU    : Execution time: 0 s 243 ms

File Name      : ../testcases/input_2.png
Channel        : 3
BLK_SIZE       : 64
total runtime  : Execution time: 0 s 355 ms
Copy to GPU    : Execution time: 0 s 140 ms
Kernel runtime : Execution time: 81960 ns
Copy to CPU    : Execution time: 0 s 214 ms

