File Name      : ../testcases/input_3.png
Channel        : 3
BLK_SIZE       : 16
total runtime  : Execution time: 0 s 884 ms
Copy to GPU    : Execution time: 0 s 303 ms
Kernel runtime : Execution time: 19126 ns
Copy to CPU    : Execution time: 0 s 580 ms

File Name      : ../testcases/input_3.png
Channel        : 3
BLK_SIZE       : 32
total runtime  : Execution time: 0 s 703 ms
Copy to GPU    : Execution time: 0 s 328 ms
Kernel runtime : Execution time: 19577 ns
Copy to CPU    : Execution time: 0 s 375 ms

File Name      : ../testcases/input_3.png
Channel        : 3
BLK_SIZE       : 48
total runtime  : Execution time: 0 s 612 ms
Copy to GPU    : Execution time: 0 s 298 ms
Kernel runtime : Execution time: 18706 ns
Copy to CPU    : Execution time: 0 s 313 ms

File Name      : ../testcases/input_3.png
Channel        : 3
BLK_SIZE       : 64
total runtime  : Execution time: 0 s 518 ms
Copy to GPU    : Execution time: 0 s 306 ms
Kernel runtime : Execution time: 19106 ns
Copy to CPU    : Execution time: 0 s 211 ms
